<?xml version="1.0" encoding="UTF-8"?>
<!-- Generated by org.testng.reporters.JUnitReportReporter -->
<testsuite hostname="DESKTOP-KOKMHA9" failures="0" tests="1" name="testngpkg.Multiple_windowhandle" time="22.419" errors="0" timestamp="2024-02-27T08:28:02 GST" skipped="0">
  <testcase classname="testngpkg.Multiple_windowhandle" name="test" time="22.419"/>
  <system-out/>
</testsuite> <!-- testngpkg.Multiple_windowhandle -->
