<?xml version="1.0" encoding="UTF-8"?>
<!-- Generated by org.testng.reporters.JUnitReportReporter -->
<testsuite hostname="DESKTOP-KOKMHA9" failures="0" tests="1" name="testngpkg.Copypaste_rediff" time="6.348" errors="0" timestamp="2024-02-21T08:17:47 GST" skipped="0">
  <testcase classname="testngpkg.Copypaste_rediff" name="copypastemethd" time="6.348"/>
  <system-out/>
</testsuite> <!-- testngpkg.Copypaste_rediff -->
