<?xml version="1.0" encoding="UTF-8"?>
<!-- Generated by org.testng.reporters.JUnitReportReporter -->
<testsuite hostname="DESKTOP-KOKMHA9" failures="0" tests="5" name="testngpkg.Rediff_testng" time="28.592" errors="0" timestamp="2024-02-16T08:55:58 GST" skipped="0">
  <testcase classname="testngpkg.Rediff_testng" name="test4" time="0.832"/>
  <system-out/>
  <testcase classname="testngpkg.Rediff_testng" name="test1" time="24.038"/>
  <system-out/>
  <testcase classname="testngpkg.Rediff_testng" name="test3" time="0.904"/>
  <system-out/>
  <testcase classname="testngpkg.Rediff_testng" name="test5" time="0.813"/>
  <system-out/>
  <testcase classname="testngpkg.Rediff_testng" name="test2" time="2.005"/>
  <system-out/>
</testsuite> <!-- testngpkg.Rediff_testng -->
