<?xml version="1.0" encoding="UTF-8"?>
<!-- Generated by org.testng.reporters.JUnitReportReporter -->
<testsuite hostname="DESKTOP-KOKMHA9" failures="0" tests="1" name="testngpkg.parameter_xml_prgm" time="0.022" errors="0" timestamp="2024-02-20T08:09:26 GST" skipped="0">
  <testcase classname="testngpkg.parameter_xml_prgm" name="test" time="0.022"/>
  <system-out/>
</testsuite> <!-- testngpkg.parameter_xml_prgm -->
