<?xml version="1.0" encoding="UTF-8"?>
<!-- Generated by org.testng.reporters.JUnitReportReporter -->
<testsuite hostname="DESKTOP-KOKMHA9" failures="0" tests="1" name="testngpkg.Ebay_scroll_down" time="27.869" errors="0" timestamp="2024-02-28T09:21:45 GST" skipped="0">
  <testcase classname="testngpkg.Ebay_scroll_down" name="test" time="27.869"/>
  <system-out/>
</testsuite> <!-- testngpkg.Ebay_scroll_down -->
