<?xml version="1.0" encoding="UTF-8"?>
<!-- Generated by org.testng.reporters.JUnitReportReporter -->
<testsuite hostname="DESKTOP-KOKMHA9" failures="0" tests="1" name="testngpkg.Amazon_windowHandle" time="117.107" errors="0" timestamp="2024-02-27T19:34:45 GST" skipped="0">
  <testcase classname="testngpkg.Amazon_windowHandle" name="test" time="117.107"/>
  <system-out/>
</testsuite> <!-- testngpkg.Amazon_windowHandle -->
