<?xml version="1.0" encoding="UTF-8"?>
<!-- Generated by org.testng.reporters.JUnitReportReporter -->
<testsuite hostname="DESKTOP-KOKMHA9" failures="0" tests="2" name="testngpkg.Drag_drop" time="2.176" errors="0" timestamp="2024-02-21T09:20:21 GST" skipped="0">
  <testcase classname="testngpkg.Drag_drop" name="displaycopypaste" time="0.106"/>
  <system-out/>
  <testcase classname="testngpkg.Drag_drop" name="copypastemethd" time="2.070"/>
  <system-out/>
</testsuite> <!-- testngpkg.Drag_drop -->
