<?xml version="1.0" encoding="UTF-8"?>
<!-- Generated by org.testng.reporters.JUnitReportReporter -->
<testsuite hostname="DESKTOP-KOKMHA9" failures="0" tests="1" name="testngpkg.Ebay_tab" time="39.917" errors="0" timestamp="2024-02-28T09:03:01 GST" skipped="0">
  <testcase classname="testngpkg.Ebay_tab" name="test" time="39.917"/>
  <system-out/>
</testsuite> <!-- testngpkg.Ebay_tab -->
