<?xml version="1.0" encoding="UTF-8"?>
<!-- Generated by org.testng.reporters.JUnitReportReporter -->
<testsuite hostname="DESKTOP-KOKMHA9" failures="0" tests="1" name="testngpkg.Facebook_xml_prgm" time="10.209" errors="0" timestamp="2024-02-20T08:51:28 GST" skipped="0">
  <testcase classname="testngpkg.Facebook_xml_prgm" name="test" time="10.209"/>
  <system-out/>
</testsuite> <!-- testngpkg.Facebook_xml_prgm -->
