<?xml version="1.0" encoding="UTF-8"?>
<!-- Generated by org.testng.reporters.JUnitReportReporter -->
<testsuite hostname="DESKTOP-KOKMHA9" failures="0" tests="1" name="testngpkg.Chrome_popupbox" time="67.648" errors="0" timestamp="2024-02-28T19:22:59 GST" skipped="0">
  <testcase classname="testngpkg.Chrome_popupbox" name="test" time="67.648"/>
  <system-out/>
</testsuite> <!-- testngpkg.Chrome_popupbox -->
