<?xml version="1.0" encoding="UTF-8"?>
<!-- Generated by org.testng.reporters.JUnitReportReporter -->
<testsuite hostname="DESKTOP-KOKMHA9" failures="0" tests="1" name="testngpkg.Date_pick" time="16.397" errors="0" timestamp="2024-03-01T08:52:19 GST" skipped="0">
  <testcase classname="testngpkg.Date_pick" name="test" time="16.397"/>
  <system-out/>
</testsuite> <!-- testngpkg.Date_pick -->
